mktextfm SimKai/ICU
mktextfm SimKai/ICU
mktextfm SimKai/ICU
mktextfm SimKai/ICU
mktextfm SimKai/B/ICU
mktextfm SimKai/ICU
mktextfm SimKai/I/ICU
mktextfm SimKai/ICU
mktextfm SimKai/BI/ICU
mktextfm simkai/ICU
mktextfm simkai/ICU
mktextfm simkai/ICU
mktextfm simkai/ICU
mktextfm simkai/B/ICU
mktextfm simkai/ICU
mktextfm simkai/I/ICU
mktextfm simkai/ICU
mktextfm simkai/BI/ICU
mktextfm simhei/ICU
mktextfm simhei/ICU
mktextfm simhei/ICU
mktextfm simhei/ICU
mktextfm simhei/B/ICU
mktextfm simhei/ICU
mktextfm simhei/I/ICU
mktextfm simhei/ICU
mktextfm simhei/BI/ICU
mktextfm SimKai/ICU
mktextfm SimKai/ICU
mktextfm SimKai/ICU
mktextfm SimKai/ICU
mktextfm SimKai/B/ICU
mktextfm SimKai/ICU
mktextfm SimKai/I/ICU
mktextfm SimKai/ICU
mktextfm SimKai/BI/ICU
mktextfm SimKai/ICU
mktextfm SimKai/ICU
mktextfm SimKai/ICU
mktextfm sffamily
mktextfm sffamily
mktextfm sffamily
mktextfm sffamily
mktextfm sffamily/B
mktextfm sffamily
mktextfm sffamily/I
mktextfm sffamily
mktextfm sffamily/BI
mktextfm Arial
mktextfm Arial
mktextfm Arial
mktextfm Arial
mktextfm Arial/B
mktextfm Arial
mktextfm Arial/I
mktextfm Arial
mktextfm Arial/BI
